[      36ms] [INFO] %cDownload the React DevTools for a better development experience: https://react.dev/link/react-devtools font-weight:bold @ http://localhost:5173/node_modules/.vite/deps/react-dom_client.js?v=435683a2:20102
[ 1020735ms] [LOG] [vite] server connection lost. Polling for restart... @ http://localhost:5173/@vite/client:559
[ 1020739ms] [ERROR] Failed to load resource: net::ERR_CONNECTION_REFUSED @ http://localhost:5173/:0
[ 1022142ms] [INFO] %cDownload the React DevTools for a better development experience: https://react.dev/link/react-devtools font-weight:bold @ http://localhost:5173/excel-intelligence-camilo/node_modules/.vite/deps/react-dom_client.js?v=a8e5b3d6:20102
[ 1247031ms] [ERROR] Failed to load resource: the server responded with a status of 404 (Not Found) @ http://localhost:5173/excel-intelligence-camilo/excel-intelligence-camilo/assets/index-hBh8PhLp.js:0
[ 1247033ms] [ERROR] Failed to load resource: the server responded with a status of 404 (Not Found) @ http://localhost:5173/excel-intelligence-camilo/excel-intelligence-camilo/assets/chartjs-CRDu-9nt.js:0
[ 1247036ms] [ERROR] Failed to load resource: the server responded with a status of 404 (Not Found) @ http://localhost:5173/excel-intelligence-camilo/excel-intelligence-camilo/assets/xlsx-2HnPwbhG.js:0
[ 1331996ms] [LOG] [vite] server connection lost. Polling for restart... @ http://localhost:5173/excel-intelligence-camilo/@vite/client:559
[ 1331997ms] [ERROR] Failed to load resource: net::ERR_CONNECTION_REFUSED @ http://localhost:5173/excel-intelligence-camilo/:0
[ 1333014ms] [ERROR] Failed to load resource: the server responded with a status of 404 (Not Found) @ http://localhost:5173/excel-intelligence-camilo/assets/index-hBh8PhLp.js:0
[ 1333015ms] [ERROR] Failed to load resource: the server responded with a status of 404 (Not Found) @ http://localhost:5173/excel-intelligence-camilo/assets/chartjs-CRDu-9nt.js:0
[ 1333015ms] [ERROR] Failed to load resource: the server responded with a status of 404 (Not Found) @ http://localhost:5173/excel-intelligence-camilo/assets/xlsx-2HnPwbhG.js:0
[ 1405380ms] [INFO] %cDownload the React DevTools for a better development experience: https://react.dev/link/react-devtools font-weight:bold @ http://localhost:5173/node_modules/.vite/deps/react-dom_client.js?v=a8e5b3d6:20102
[ 1462363ms] [LOG] [vite] server connection lost. Polling for restart... @ http://localhost:5173/@vite/client:559
[ 1462367ms] [ERROR] Failed to load resource: net::ERR_CONNECTION_REFUSED @ http://localhost:5173/:0
[ 1462785ms] [INFO] %cDownload the React DevTools for a better development experience: https://react.dev/link/react-devtools font-weight:bold @ http://localhost:5173/excel-intelligence-camilo/node_modules/.vite/deps/react-dom_client.js?v=a8e5b3d6:20102
[ 1713390ms] [LOG] [vite] server connection lost. Polling for restart... @ http://localhost:5173/excel-intelligence-camilo/@vite/client:559
[ 1713391ms] [ERROR] Failed to load resource: net::ERR_CONNECTION_RESET @ http://localhost:5173/excel-intelligence-camilo/assets/index-DTcqR3y5.css?t=1779185750090:0
[ 1713397ms] [ERROR] Failed to load resource: net::ERR_CONNECTION_REFUSED @ http://localhost:5173/excel-intelligence-camilo/:0
[ 1714549ms] [ERROR] Failed to load resource: the server responded with a status of 404 () @ chrome-error://chromewebdata/:0
