[      65ms] [INFO] %cDownload the React DevTools for a better development experience: https://react.dev/link/react-devtools font-weight:bold @ http://localhost:5173/node_modules/.vite/deps/react-dom_client.js?v=435683a2:20102
[   51582ms] [LOG] handleAdd called {column: Año, value: 2015, hasColumn: true, hasValue: true} @ http://localhost:5173/src/components/AnalysisDashboard.jsx?t=1779174469446:238
[  174353ms] [LOG] handleAdd called {column: Año, value: 2015, hasColumn: true, hasValue: true} @ http://localhost:5173/src/components/AnalysisDashboard.jsx?t=1779174469446:238
[  262967ms] [LOG] handleAdd called {column: SECCIONAL, value: NORTE, hasColumn: true, hasValue: true} @ http://localhost:5173/src/components/AnalysisDashboard.jsx?t=1779174469446:238
[  281020ms] [LOG] handleAdd called {column: Año, value: 2014, hasColumn: true, hasValue: true} @ http://localhost:5173/src/components/AnalysisDashboard.jsx?t=1779174469446:238
[  344703ms] [LOG] handleAdd called {column: Año, value: 14, hasColumn: true, hasValue: true} @ http://localhost:5173/src/components/AnalysisDashboard.jsx?t=1779174469446:238
[ 3269215ms] ReferenceError: Sun is not defined
    at App (http://localhost:5173/src/App.jsx?t=1779177748833:556:53)
    at Object.react_stack_bottom_frame (http://localhost:5173/node_modules/.vite/deps/react-dom_client.js?v=435683a2:18509:20)
    at renderWithHooks (http://localhost:5173/node_modules/.vite/deps/react-dom_client.js?v=435683a2:5654:24)
    at updateFunctionComponent (http://localhost:5173/node_modules/.vite/deps/react-dom_client.js?v=435683a2:7475:21)
    at beginWork (http://localhost:5173/node_modules/.vite/deps/react-dom_client.js?v=435683a2:8525:20)
    at runWithFiberInDEV (http://localhost:5173/node_modules/.vite/deps/react-dom_client.js?v=435683a2:997:72)
    at performUnitOfWork (http://localhost:5173/node_modules/.vite/deps/react-dom_client.js?v=435683a2:12561:98)
    at workLoopSync (http://localhost:5173/node_modules/.vite/deps/react-dom_client.js?v=435683a2:12424:43)
    at renderRootSync (http://localhost:5173/node_modules/.vite/deps/react-dom_client.js?v=435683a2:12408:13)
    at performWorkOnRoot (http://localhost:5173/node_modules/.vite/deps/react-dom_client.js?v=435683a2:11827:37)
[ 3269218ms] [WARNING] %s

%s
 An error occurred in the <App> component. Consider adding an error boundary to your tree to customize error handling behavior.
Visit https://react.dev/link/error-boundaries to learn more about error boundaries. @ http://localhost:5173/node_modules/.vite/deps/react-dom_client.js?v=435683a2:6965
